Device: mps
Constructing 5 tasks...
  Task 0: Digits [0, 1] | Train: 12665 | Test: 2115
  Task 1: Digits [2, 3] | Train: 12089 | Test: 2042
  Task 2: Digits [4, 5] | Train: 11263 | Test: 1874
  Task 3: Digits [6, 7] | Train: 12183 | Test: 1986
  Task 4: Digits [8, 9] | Train: 11800 | Test: 1983

Initializing Project Chimera...

>>> Task 0 (Chimera Mode) <<<
  Epoch 1/3 | Loss: 0.0408
  Epoch 2/3 | Loss: 0.0034
  Epoch 3/3 | Loss: 0.0019
  Evaluating memory...
    Task 0 (current): 99.9%

>>> Task 1 (Chimera Mode) <<<
  Epoch 1/3 | Loss: 0.2958
  Epoch 2/3 | Loss: 0.0708
  Epoch 3/3 | Loss: 0.0586
  Evaluating memory...
    Task 0 (past): 0.0%
    Task 1 (current): 97.7%

>>> Task 2 (Chimera Mode) <<<
  Epoch 1/3 | Loss: 0.5603
  Epoch 2/3 | Loss: 0.0262
  Epoch 3/3 | Loss: 0.0181
  Evaluating memory...
    Task 0 (past): 0.0%
    Task 1 (past): 0.1%
    Task 2 (current): 99.3%

>>> Task 3 (Chimera Mode) <<<
  Epoch 1/3 | Loss: 0.9964
  Epoch 2/3 | Loss: 0.0071
  Epoch 3/3 | Loss: 0.0040
  Evaluating memory...
    Task 0 (past): 0.0%
    Task 1 (past): 0.0%
    Task 2 (past): 0.3%
    Task 3 (current): 99.6%

>>> Task 4 (Chimera Mode) <<<
  Epoch 1/3 | Loss: 1.5930
  Epoch 2/3 | Loss: 0.0504
  Epoch 3/3 | Loss: 0.0402
  Evaluating memory...
    Task 0 (past): 0.0%
    Task 1 (past): 0.0%
    Task 2 (past): 0.2%
    Task 3 (past): 1.6%
    Task 4 (current): 97.0%

============================================================
PROJECT CHIMERA: FINAL REPORT
============================================================
Average Accuracy (AA): 19.75%
Forgetting (Forg):     98.70%
Backward Transfer:     -98.70%
------------------------------------------------------------
Saved matrix to chimera_results.png
